[06-28 16:08:00]: [INFO] Created column 'regdate' and set the current timestamp, 1656421680358, to all 0 rows
[06-28 16:08:00]: [INFO] SQLite Setup finished
[06-28 16:08:00]: [INFO] No supported permissions system found! Permissions are disabled!
[06-28 16:08:00]: [INFO] Hooked successfully into Essentials
[06-28 16:08:00]: [INFO] Essentials spawn file not found: 'C:\Users\vagan\OneDrive\Рабочий стол\Serverr\plugins\Essentials\spawn.yml'
[06-28 16:08:00]: [WARN] WARNING! The protectInventory feature requires ProtocolLib! Disabling it...
[06-28 16:08:00]: [INFO] AuthMe 5.6.0-beta2 build n.2453 successfully enabled!
[06-28 16:08:01]: [INFO] Downloading GEO IP database, because the old database is older than 30 days or doesn't exist
[06-28 16:08:01]: [WARN] No MaxMind credentials found in the configuration file! GeoIp protections will be disabled.
[06-28 16:08:01]: [INFO] There is no newer GEO IP database uploaded to MaxMind. Using the old one for now.
[06-28 16:08:01]: [WARN] Could not download GeoLiteAPI database [FileNotFoundException]: plugins\AuthMe\GeoLite2-Country.mmdb (Не удается найти указанный файл)
[06-28 16:08:01]: java.io.FileNotFoundException: plugins\AuthMe\GeoLite2-Country.mmdb (Не удается найти указанный файл)
	at java.base/java.io.RandomAccessFile.open0(Native Method)
	at java.base/java.io.RandomAccessFile.open(RandomAccessFile.java:345)
	at java.base/java.io.RandomAccessFile.<init>(RandomAccessFile.java:259)
	at java.base/java.io.RandomAccessFile.<init>(RandomAccessFile.java:214)
	at fr.xephi.authme.libs.com.maxmind.db.BufferHolder.<init>(BufferHolder.java:20)
	at fr.xephi.authme.libs.com.maxmind.db.Reader.<init>(Reader.java:121)
	at fr.xephi.authme.service.GeoIpService.startReading(GeoIpService.java:173)
	at fr.xephi.authme.service.GeoIpService.updateDatabase(GeoIpService.java:144)
	at org.bukkit.craftbukkit.v1_16_R3.scheduler.CraftTask.run(CraftTask.java:82)
	at org.bukkit.craftbukkit.v1_16_R3.scheduler.CraftAsyncTask.run(CraftAsyncTask.java:54)
	at java.base/java.util.concurrent.ThreadPoolExecutor.runWorker(ThreadPoolExecutor.java:1128)
	at java.base/java.util.concurrent.ThreadPoolExecutor$Worker.run(ThreadPoolExecutor.java:628)
	at java.base/java.lang.Thread.run(Thread.java:829)

[06-28 16:09:49]: [FINE] CubRube registered 127.0.0.1
[06-28 16:09:49]: [FINE] CubRube logged in 127.0.0.1
